{"numTotalTestSuites":2,"numPassedTestSuites":0,"numFailedTestSuites":2,"numPendingTestSuites":0,"numTotalTests":5,"numPassedTests":3,"numFailedTests":2,"numPendingTests":0,"numTodoTests":0,"snapshot":{"added":0,"failure":false,"filesAdded":0,"filesRemoved":0,"filesRemovedList":[],"filesUnmatched":0,"filesUpdated":0,"matched":0,"total":0,"unchecked":0,"uncheckedKeysByFile":[],"unmatched":0,"updated":0,"didUpdate":false},"startTime":1774339068987,"success":false,"testResults":[{"assertionResults":[{"ancestorTitles":["Integracion de vistas clave"],"fullName":"Integracion de vistas clave login -> sesion -> redirecciona a dashboard","status":"passed","title":"login -> sesion -> redirecciona a dashboard","duration":198.54330000000027,"failureMessages":[],"meta":{},"tags":[]},{"ancestorTitles":["Integracion de vistas clave"],"fullName":"Integracion de vistas clave usuario con permiso puede acceder a Users y ver acciones","status":"failed","title":"usuario con permiso puede acceder a Users y ver acciones","duration":164.33329999999978,"failureMessages":["TestingLibraryElementError: Found multiple elements with the role \"button\" and name \"Editar\"\n\nHere are the matching elements:\n\nIgnored nodes: comments, script, style\n\u001b[36m<button\u001b[39m\n  \u001b[33mclass\u001b[39m=\u001b[32m\"dash-btn dash-btn--ghost dash-btn--sm\"\u001b[39m\n  \u001b[33mtype\u001b[39m=\u001b[32m\"button\"\u001b[39m\n\u001b[36m>\u001b[39m\n  \u001b[0mEditar\u001b[0m\n\u001b[36m</button>\u001b[39m\n\nIgnored nodes: comments, script, style\n\u001b[36m<button\u001b[39m\n  \u001b[33mclass\u001b[39m=\u001b[32m\"dash-btn dash-btn--ghost dash-btn--sm\"\u001b[39m\n  \u001b[33mtype\u001b[39m=\u001b[32m\"button\"\u001b[39m\n\u001b[36m>\u001b[39m\n  \u001b[0mEditar\u001b[0m\n\u001b[36m</button>\u001b[39m\n\n(If this is intentional, then use the `*AllBy*` variant of the query (like `queryAllByText`, `getAllByText`, or `findAllByText`)).\n\nIgnored nodes: comments, script, style\n\u001b[36m<body>\u001b[39m\n  \u001b[36m<div>\u001b[39m\n    \u001b[36m<div\u001b[39m\n      \u001b[33mclass\u001b[39m=\u001b[32m\"dash-shell\"\u001b[39m\n    \u001b[36m>\u001b[39m\n      \u001b[36m<header\u001b[39m\n        \u001b[33mclass\u001b[39m=\u001b[32m\"dash-header\"\u001b[39m\n      \u001b[36m>\u001b[39m\n        \u001b[36m<div\u001b[39m\n          \u001b[33mclass\u001b[39m=\u001b[32m\"dash-header__brand\"\u001b[39m\n        \u001b[36m>\u001b[39m\n          \u001b[36m<div\u001b[39m\n            \u001b[33maria-hidden\u001b[39m=\u001b[32m\"true\"\u001b[39m\n            \u001b[33mclass\u001b[39m=\u001b[32m\"dash-header__logo-wrap\"\u001b[39m\n          \u001b[36m>\u001b[39m\n            \u001b[36m<svg\u001b[39m\n              \u001b[33mclass\u001b[39m=\u001b[32m\"dash-header__logo-svg\"\u001b[39m\n              \u001b[33mfill\u001b[39m=\u001b[32m\"none\"\u001b[39m\n              \u001b[33mviewBox\u001b[39m=\u001b[32m\"0 0 32 32\"\u001b[39m\n            \u001b[36m>\u001b[39m\n              \u001b[36m<rect\u001b[39m\n                \u001b[33mfill\u001b[39m=\u001b[32m\"url(#dashLogoGrad-_r_1_)\"\u001b[39m\n                \u001b[33mheight\u001b[39m=\u001b[32m\"32\"\u001b[39m\n                \u001b[33mrx\u001b[39m=\u001b[32m\"8\"\u001b[39m\n                \u001b[33mwidth\u001b[39m=\u001b[32m\"32\"\u001b[39m\n              \u001b[36m/>\u001b[39m\n              \u001b[36m<path\u001b[39m\n                \u001b[33md\u001b[39m=\u001b[32m\"M8 22V10l8 6 8-6v12\"\u001b[39m\n                \u001b[33mstroke\u001b[39m=\u001b[32m\"white\"\u001b[39m\n                \u001b[33mstroke-linecap\u001b[39m=\u001b[32m\"round\"\u001b[39m\n                \u001b[33mstroke-linejoin\u001b[39m=\u001b[32m\"round\"\u001b[39m\n                \u001b[33mstroke-width\u001b[39m=\u001b[32m\"2\"\u001b[39m\n              \u001b[36m/>\u001b[39m\n              \u001b[36m<defs>\u001b[39m\n                \u001b[36m<lineargradient\u001b[39m\n                  \u001b[33mid\u001b[39m=\u001b[32m\"dashLogoGrad-_r_1_\"\u001b[39m\n                  \u001b[33mx1\u001b[39m=\u001b[32m\"0\"\u001b[39m\n                  \u001b[33mx2\u001b[39m=\u001b[32m\"32\"\u001b[39m\n                  \u001b[33my1\u001b[39m=\u001b[32m\"0\"\u001b[39m\n                  \u001b[33my2\u001b[39m=\u001b[32m\"32\"\u001b[39m\n                \u001b[36m>\u001b[39m\n                  \u001b[36m<stop\u001b[39m\n                    \u001b[33mstop-color\u001b[39m=\u001b[32m\"#6366f1\"\u001b[39m\n                  \u001b[36m/>\u001b[39m\n                  \u001b[36m<stop\u001b[39m\n                    \u001b[33moffset\u001b[39m=\u001b[32m\"1\"\u001b[39m\n                    \u001b[33mstop-color\u001b[39m=\u001b[32m\"#8b5cf6\"\u001b[39m\n                  \u001b[36m/>\u001b[39m\n                \u001b[36m</lineargradient>\u001b[39m\n              \u001b[36m</defs>\u001b[39m\n            \u001b[36m</svg>\u001b[39m\n          \u001b[36m</div>\u001b[39m\n          \u001b[36m<div>\u001b[39m\n            \u001b[36m<span\u001b[39m\n              \u001b[33mclass\u001b[39m=\u001b[32m\"dash-header__name\"\u001b[39m\n            \u001b[36m>\u001b[39m\n              \u001b[0mNexus Admin\u001b[0m\n            \u001b[36m</span>\u001b[39m\n            \u001b[36m<span\u001b[39m\n              \u001b[33mclass\u001b[39m=\u001b[32m\"dash-header__tag\"\u001b[39m\n            \u001b[36m>\u001b[39m\n              \u001b[0mUser API\u001b[0m\n            \u001b[36m</span>\u001b[39m\n          \u001b[36m</div>\u001b[39m\n        \u001b[36m</div>\u001b[39m\n        \u001b[36m<div\u001b[39m\n          \u001b[33mclass\u001b[39m=\u001b[32m\"dash-header__tools\"\u001b[39m\n        \u001b[36m>\u001b[39m\n          \u001b[36m<div\u001b[39m\n            \u001b[33mdata-testid\u001b[39m=\u001b[32m\"notification-bell\"\u001b[39m\n          \u001b[36m/>\u001b[39m\n          \u001b[36m<div\u001b[39m\n            \u001b[33maria-hidden\u001b[39m=\u001b[32m\"true\"\u001b[39m\n            \u001b[33mclass\u001b[39m=\u001b[32m\"dash-header__avatar dash-header__avatar--mobile\"\u001b[39m\n            \u001b[33mtitle\u001b[39m=\u001b[32m\"admin_demo\"\u001b[39m\n          \u001b[36m>\u001b[39m\n            \u001b[0mAD\u001b[0m\n          \u001b[36m</div>\u001b[39m\n          \u001b[36m<div\u001b[39m\n            \u001b[33mclass\u001b[39m=\u001b[32m\"dash-header__profile\"\u001b[39m\n          \u001b[36m>\u001b[39m\n            \u001b[36m<div\u001b[39m\n              \u001b[33maria-hidden\u001b[39m=\u001b[32m\"true\"\u001b[39m\n              \u001b[33mclass\u001b[39m=\u001b[32m\"dash-header__avatar\"\u001b[39m\n              \u001b[33mtitle\u001b[39m=\u001b[32m\"admin_demo\"\u001b[39m\n            \u001b[36m>\u001b[39m\n              \u001b[0mAD\u001b[0m\n            \u001b[36m</div>\u001b[39m\n            \u001b[36m<div\u001b[39m\n              \u001b[33mclass\u001b[39m=\u001b[32m\"dash-header__profile-text\"\u001b[39m\n            \u001b[36m>\u001b[39m\n              \u001b[36m<span\u001b[39m\n                \u001b[33mclass\u001b[39m=\u001b[32m\"dash-header__profile-name\"\u001b[39m\n              \u001b[36m>\u001b[39m\n                \u001b[0madmin_demo\u001b[0m\n              \u001b[36m</span>\u001b[39m\n              \u001b[36m<span\u001b[39m\n                \u001b[33mclass\u001b[39m=\u001b[32m\"dash-header__profile-email\"\u001b[39m\n              \u001b[36m>\u001b[39m\n                \u001b[0mTenant: \u001b[0m\n                \u001b[0mDEFAULT\u001b[0m\n              \u001b[36m</span>\u001b[39m\n            \u001b[36m</div>\u001b[39m\n          \u001b[36m</div>\u001b[39m\n          \u001b[36m<button\u001b[39m\n            \u001b[33mclass\u001b[39m=\u001b[32m\"dash-btn dash-btn--outline dash-btn--header\"\u001b[39m\n            \u001b[33mtype\u001b[39m=\u001b[32m\"button\"\u001b[39m\n          \u001b[36m>\u001b[39m\n            \u001b[0mLog out\u001b[0m\n          \u001b[36m</button>\u001b[39m\n        \u001b[36m</div>\u001b[39m\n      \u001b[36m</header>\u001b[39m\n      \u001b[36m<div\u001b[39m\n        \u001b[33mclass\u001b[39m=\u001b[32m\"dash-body\"\u001b[39m\n      \u001b[36m>\u001b[39m\n        \u001b[36m<aside\u001b[39m\n          \u001b[33maria-label\u001b[39m=\u001b[32m\"Navegación principal\"\u001b[39m\n          \u001b[33mclass\u001b[39m=\u001b[32m\"dash-sidebar\"\u001b[39m\n        \u001b[36m>\u001b[39m\n          \u001b[36m<div\u001b[39m\n            \u001b[33mclass\u001b[39m=\u001b[32m\"dash-sidebar__section-label\"\u001b[39m\n          \u001b[36m>\u001b[39m\n            \u001b[0mMenú\u001b[0m\n          \u001b[36m</div>\u001b[39m\n          \u001b[36m<nav\u001b[39m\n            \u001b[33mclass\u001b[39m=\u001b[32m\"dash-nav\"\u001b[39m\n          \u001b[36m>\u001b[39m\n            \u001b[36m<button\u001b[39m\n              \u001b[33mclass\u001b[39m=\u001b[32m\"dash-nav__item \"\u001b[39m\n              \u001b[33mtype\u001b[39m=\u001b[32m\"button\"\u001b[39m\n            \u001b[36m>\u001b[39m\n              \u001b[36m<svg\u001b[39m\n                \u001b[33maria-hidden\u001b[39m=\u001b[32m\"true\"\u001b[39m\n                \u001b[33mclass\u001b[39m=\u001b[32m\"dash-nav__svg\"\u001b[39m\n                \u001b[33mfill\u001b[39m=\u001b[32m\"none\"\u001b[39m\n                \u001b[33mstroke\u001b[39m=\u001b[32m\"currentColor\"\u001b[39m\n                \u001b[33mstroke-width\u001b[39m=\u001b[32m\"2\"\u001b[39m\n                \u001b[33mviewBox\u001b[39m=\u001b[32m\"0 0 24 24\"\u001b[39m\n              \u001b[36m>\u001b[39m\n                \u001b[36m<rect\u001b[39m\n                  \u001b[33mheight\u001b[39m=\u001b[32m\"9\"\u001b[39m\n                  \u001b[33mrx\u001b[39m=\u001b[32m\"1\"\u001b[39m\n                  \u001b[33mwidth\u001b[39m=\u001b[32m\"7\"\u001b[39m\n                  \u001b[33mx\u001b[39m=\u001b[32m\"3\"\u001b[39m\n                  \u001b[33my\u001b[39m=\u001b[32m\"3\"\u001b[39m\n                \u001b[36m/>\u001b[39m\n                \u001b[36m<rect\u001b[39m\n                  \u001b[33mheight\u001b[39m=\u001b[32m\"5\"\u001b[39m\n                  \u001b[33mrx\u001b[39m=\u001b[32m\"1\"\u001b[39m\n                  \u001b[33mwidth\u001b[39m=\u001b[32m\"7\"\u001b[39m\n                  \u001b[33mx\u001b[39m=\u001b[32m\"14\"\u001b[39m\n                  \u001b[33my\u001b[39m=\u001b[32m\"3\"\u001b[39m\n                \u001b[36m/>\u001b[39m\n                \u001b[36m<rect\u001b[39m\n                  \u001b[33mheight\u001b[39m=\u001b[32m\"9\"\u001b[39m\n                  \u001b[33mrx\u001b[39m=\u001b[32m\"1\"\u001b[39m\n                  \u001b[33mwidth\u001b[39m=\u001b[32m\"7\"\u001b[39m\n                  \u001b[33mx\u001b[39m=\u001b[32m\"14\"\u001b[39m\n                  \u001b[33my\u001b[39m=\u001b[32m\"12\"\u001b[39m\n                \u001b[36m/>\u001b[39m\n                \u001b[36m<rect\u001b[39m\n                  \u001b[33mheight\u001b[39m=\u001b[32m\"5\"\u001b[39m\n                  \u001b[33mrx\u001b[39m=\u001b[32m\"1\"\u001b[39m\n                  \u001b[33mwidth\u001b[39m=\u001b[32m\"7\"\u001b[39m\n                  \u001b[33mx\u001b[39m=\u001b[32m\"3\"\u001b[39m\n                  \u001b[33my\u001b[39m=\u001b[32m\"16\"\u001b[39m\n                \u001b[36m/>\u001b[39m\n              \u001b[36m</svg>\u001b[39m\n              \u001b[36m<span>\u001b[39m\n                \u001b[0mDashboard\u001b[0m\n              \u001b[36m</span>\u001b[39m\n            \u001b[36m</button>\u001b[39m\n            \u001b[36m<button\u001b[39m\n              \u001b[33maria-current\u001b[39m=\u001b[32m\"page\"\u001b[39m\n              \u001b[33mclass\u001b[39m=\u001b[32m\"dash-nav__item dash-nav__item--active\"\u001b[39m\n              \u001b[33mtype\u001b[39m=\u001b[32m\"button\"\u001b[39m\n            \u001b[36m>\u001b[39m\n              \u001b[36m<svg\u001b[39m\n                \u001b[33maria-hidden\u001b[39m=\u001b[32m\"true\"\u001b[39m\n                \u001b[33mclass\u001b[39m=\u001b[32m\"dash-nav__svg\"\u001b[39m\n                \u001b[33mfill\u001b[39m=\u001b[32m\"none\"\u001b[39m\n                \u001b[33mstroke\u001b[39m=\u001b[32m\"currentColor\"\u001b[39m\n                \u001b[33mstroke-width\u001b[39m=\u001b[32m\"2\"\u001b[39m\n                \u001b[33mviewBox\u001b[39m=\u001b[32m\"0 0 24 24\"\u001b[39m\n              \u001b[36m>\u001b[39m\n                \u001b[36m<path\u001b[39m\n                  \u001b[33md\u001b[39m=\u001b[32m\"M17 21v-2a4 4 0 0 0-4-4H5a4 4 0 0 0-4 4v2\"\u001b[39m\n                \u001b[36m/>\u001b[39m\n                \u001b[36m<circle\u001b[39m\n                  \u001b[33mcx\u001b[39m=\u001b[32m\"9\"\u001b[39m\n                  \u001b[33mcy\u001b[39m=\u001b[32m\"7\"\u001b[39m\n                  \u001b[33mr\u001b[39m=\u001b[32m\"4\"\u001b[39m\n                \u001b[36m/>\u001b[39m\n                \u001b[36m<path\u001b[39m\n                  \u001b[33md\u001b[39m=\u001b[32m\"M23 21v-2a4 4 0 0 0-3-3.87\"\u001b[39m\n                \u001b[36m/>\u001b[39m\n                \u001b[36m<path\u001b[39m\n                  \u001b[33md\u001b[39m=\u001b[32m\"M16 3.13a4 4 0 0 1 0 7.75\"\u001b[39m\n                \u001b[36m/>\u001b[39m\n              \u001b[36m</svg>\u001b[39m\n              \u001b[36m<span>\u001b[39m\n                \u001b[0mUsers\u001b[0m\n              \u001b[36m</span>\u001b[39m\n            \u001b[36m</button>\u001b[39m\n            \u001b[36m<button\u001b[39m\n              \u001b[33mclass\u001b[39m=\u001b[32m\"dash-nav__item \"\u001b[39m\n              \u001b[33mtype\u001b[39m=\u001b[32m\"button\"\u001b[39m\n            \u001b[36m>\u001b[39m\n              \u001b[36m<svg\u001b[39m\n                \u001b[33maria-hidden\u001b[39m=\u001b[32m\"true\"\u001b[39m\n                \u001b[33mclass\u001b[39m=\u001b[32m\"dash-nav__svg\"\u001b[39m\n                \u001b[33mfill\u001b[39m=\u001b[32m\"none\"\u001b[39m\n                \u001b[33mstroke\u001b[39m=\u001b[32m\"currentColor\"\u001b[39m\n                \u001b[33mstroke-width\u001b[39m=\u001b[32m\"2\"\u001b[39m\n                \u001b[33mviewBox\u001b[39m=\u001b[32m\"0 0 24 24\"\u001b[39m\n              \u001b[36m>\u001b[39m\n                \u001b[36m<polyline\u001b[39m\n                  \u001b[33mpoints\u001b[39m=\u001b[32m\"22 12 18 12 15 21 9 3 6 12 2 12\"\u001b[39m\n                \u001b[36m/>\u001b[39m\n              \u001b[36m</svg>\u001b[39m\n              \u001b[36m<span>\u001b[39m\n                \u001b[0mAPI Status\u001b[0m\n              \u001b[36m</span>\u001b[39m\n            \u001b[36m</button>\u001b[39m\n          \u001b[36m</nav>\u001b[39m\n        \u001b[36m</aside>\u001b[39m\n        \u001b[36m<main\u001b[39m\n          \u001b[33mclass\u001b[39m=\u001b[32m\"dash-main\"\u001b[39m\n        \u001b[36m>\u001b[39m\n          \u001b[36m<div\u001b[39m\n            \u001b[33mclass\u001b[39m=\u001b[32m\"dash-page dash-page--wide users-page\"\u001b[39m\n          \u001b[36m>\u001b[39m\n            \u001b[36m<div\u001b[39m\n              \u001b[33mclass\u001b[39m=\u001b[32m\"dash-page__intro\"\u001b[39m\n            \u001b[36m>\u001b[39m\n              \u001b[36m<h1\u001b[39m\n                \u001b[33mclass\u001b[39m=\u001b[32m\"dash-page__title\"\u001b[39m\n              \u001b[36m>\u001b[39m\n                \u001b[0mUsers\u001b[0m\n              \u001b[36m</h1>\u001b[39m\n              \u001b[36m<p\u001b[39m\n                \u001b[33mclass\u001b[39m=\u001b[32m\"dash-page__lead\"\u001b[39m\n              \u001b[36m>\u001b[39m\n                \u001b[0mAdministracion de usuarios via \u001b[0m\n                \u001b[36m<code\u001b[39m\n                  \u001b[33mclass\u001b[39m=\u001b[32m\"dash-code\"\u001b[39m\n                \u001b[36m>\u001b[39m\n                  \u001b[0m/users\u001b[0m\n                \u001b[36m</code>\u001b[39m\n                \u001b[0m con autenticacion Bearer.\u001b[0m\n              \u001b[36m</p>\u001b[39m\n            \u001b[36m</div>\u001b[39m\n            \u001b[36m<section\u001b[39m\n              \u001b[33mclass\u001b[39m=\u001b[32m\"dash-card dash-card--lift\"\u001b[39m\n            \u001b[36m>\u001b[39m\n              \u001b[36m<header\u001b[39m\n                \u001b[33mclass\u001b[39m=\u001b[32m\"dash-card__header\"\u001b[39m\n              \u001b[36m>\u001b[39m\n                \u001b[36m<div\u001b[39m\n                  \u001b[33mclass\u001b[39m=\u001b[32m\"dash-card__head-text\"\u001b[39m\n                \u001b[36m>\u001b[39m\n                  \u001b[36m<h2\u001b[39m\n                    \u001b[33mclass\u001b[39m=\u001b[32m\"dash-card__title\"\u001b[39m\n                  \u001b[36m>\u001b[39m\n                    \u001b[0mNuevo usuario\u001b[0m\n                  \u001b[36m</h2>\u001b[39m\n                  \u001b[36m<p\u001b[39m\n                    \u001b[33mclass\u001b[39m=\u001b[32m\"dash-card__subtitle\"\u001b[39m\n                  \u001b[36m>\u001b[39m\n                    \u001b[0mPOST /users\u001b[0m\n                  \u001b[36m</p>\u001b[39m\n                \u001b[36m</div>\u001b[39m\n              \u001b[36m</header>\u001b[39m\n              \u001b[36m<div\u001b[39m\n                \u001b[33mclass\u001b[39m=\u001b[32m\"dash-card__body\"\u001b[39m\n              \u001b[36m>\u001b[39m\n                \u001b[36m<form\u001b[39m\n                  \u001b[33mclass\u001b[39m=\u001b[32m\"dash-form dash-form--grid\"\u001b[39m\n                \u001b[36m>\u001b[39m\n                  \u001b[36m<label\u001b[39m\n                    \u001b[33mclass\u001b[39m=\u001b[32m\"dash-field\"\u001b[39m\n                  \u001b[36m>\u001b[39m\n                    \u001b[36m<span\u001b[39m\n                      \u001b[33mclass\u001b[39m=\u001b[32m\"dash-field__label\"\u001b[39m\n                    \u001b[36m>\u001b[39m\n                      \u001b[0mUsuario\u001b[0m\n                    \u001b[36m</span>\u001b[39m\n                    \u001b[36m<input\u001b[39m\n                      \u001b[33mclass\u001b[39m=\u001b[32m\"dash-input\"\u001b[39m\n                      \u001b[33mminlength\u001b[39m=\u001b[32m\"2\"\u001b[39m\n                      \u001b[33mplaceholder\u001b[39m=\u001b[32m\"usuario\"\u001b[39m\n                      \u001b[33mrequired\u001b[39m=\u001b[32m\"\"\u001b[39m\n                      \u001b[33mvalue\u001b[39m=\u001b[32m\"\"\u001b[39m\n                    \u001b[36m/>\u001b[39m\n                  \u001b[36m</label>\u001b[39m\n                  \u001b[36m<label\u001b[39m\n                    \u001b[33mclass\u001b[39m=\u001b[32m\"dash-field\"\u001b[39m\n                  \u001b[36m>\u001b[39m\n                    \u001b[36m<span\u001b[39m\n                      \u001b[33mclass\u001b[39m=\u001b[32m\"dash-field__label\"\u001b[39m\n                    \u001b[36m>\u001b[39m\n                      \u001b[0mCodigo cliente (opcional)\u001b[0m\n                    \u001b[36m</span>\u001b[39m\n                    \u001b[36m<input\u001b[39m\n                      \u001b[33mclass\u001b[39m=\u001b[32m\"dash-input\"\u001b[39m\n                      \u001b[33mplaceholder\u001b[39m=\u001b[32m\"CLI-001\"\u001b[39m\n                      \u001b[33mvalue\u001b[39m=\u001b[32m\"\"\u001b[39m\n                    \u001b[36m/>\u001b[39m\n                  \u001b[36m</label>\u001b[39m\n                  \u001b[36m<label\u001b[39m\n                    \u001b[33mclass\u001b[39m=\u001b[32m\"dash-field\"\u001b[39m\n                  \u001b[36m>\u001b[39m\n                    \u001b[36m<span\u001b[39m\n                      \u001b[33mclass\u001b[39m=\u001b[32m\"dash-field__label\"\u001b[39m\n                    \u001b[36m>\u001b[39m\n                      \u001b[0mContrasena inicial\u001b[0m\n                    \u001b[36m</span>\u001b[39m\n                    \u001b[36m<input\u001b[39m\n                      \u001b[33mclass\u001b[39m=\u001b[32m\"dash-input\"\u001b[39m\n                      \u001b[33mminlength\u001b[39m=\u001b[32m\"8\"\u001b[39m\n                      \u001b[33mplaceholder\u001b[39m=\u001b[32m\"Minimo 8 caracteres\"\u001b[39m\n                      \u001b[33mrequired\u001b[39m=\u001b[32m\"\"\u001b[39m\n                      \u001b[33mtype\u001b[39m=\u001b[32m\"password\"\u001b[39m\n                      \u001b[33mvalue\u001b[39m=\u001b[32m\"\"\u001b[39m\n                    \u001b[36m/>\u001b[39m\n                  \u001b[36m</label>\u001b[39m\n                  \u001b[36m<div\u001b[39m\n                    \u001b[33mclass\u001b[39m=\u001b[32m\"dash-form__actions\"\u001b[39m\n                  \u001b[36m>\u001b[39m\n                    \u001b[36m<button\u001b[39m\n                      \u001b[33mclass\u001b[39m=\u001b[32m\"dash-btn dash-btn--primary\"\u001b[39m\n                      \u001b[33mtype\u001b[39m=\u001b[32m\"submit\"\u001b[39m\n                    \u001b[36m>\u001b[39m\n                      \u001b[0mCrear usuario\u001b[0m\n                    \u001b[36m</button>\u001b[39m\n                  \u001b[36m</div>\u001b[39m\n                \u001b[36m</form>\u001b[39m\n              \u001b[36m</div>\u001b[39m\n            \u001b[36m</section>\u001b[39m\n            \u001b[36m<section\u001b[39m\n              \u001b[33mclass\u001b[39m=\u001b[32m\"dash-card dash-card--lift\"\u001b[39m\n            \u001b[36m>\u001b[39m\n              \u001b[36m<header\u001b[39m\n                \u001b[33mclass\u001b[39m=\u001b[32m\"dash-card__header\"\u001b[39m\n              \u001b[36m>\u001b[39m\n                \u001b[36m<div\u001b[39m\n                  \u001b[33mclass\u001b[39m=\u001b[32m\"dash-card__head-text\"\u001b[39m\n                \u001b[36m>\u001b[39m\n                  \u001b[36m<h2\u001b[39m\n                    \u001b[33mclass\u001b[39m=\u001b[32m\"dash-card__title\"\u001b[39m\n                  \u001b[36m>\u001b[39m\n                    \u001b[0mDirectorio\u001b[0m\n                  \u001b[36m</h2>\u001b[39m\n                  \u001b[36m<p\u001b[39m\n                    \u001b[33mclass\u001b[39m=\u001b[32m\"dash-card__subtitle\"\u001b[39m\n                  \u001b[36m>\u001b[39m\n                    \u001b[0mGET /users\u001b[0m\n                  \u001b[36m</p>\u001b[39m\n                \u001b[36m</div>\u001b[39m\n              \u001b[36m</header>\u001b[39m\n              \u001b[36m<div\u001b[39m\n                \u001b[33mclass\u001b[39m=\u001b[32m\"dash-card__body\"\u001b[39m\n              \u001b[36m>\u001b[39m\n                \u001b[36m<div\u001b[39m\n                  \u001b[33mclass\u001b[39m=\u001b[32m\"dash-form dash-form--grid\"\u001b[39m\n                  \u001b[33mstyle\u001b[39m=\u001b[32m\"margin-bottom: 0.75rem;\"\u001b[39m\n                \u001b[36m>\u001b[39m\n                  \u001b[36m<label\u001b[39m\n                    \u001b[33mclass\u001b[39m=\u001b[32m\"dash-field\"\u001b[39m\n                  \u001b[36m>\u001b[39m\n                    \u001b[36m<span\u001b[39m\n                      \u001b[33mclass\u001b[39m=\u001b[32m\"dash-field__label\"\u001b[39m\n                    \u001b[36m>\u001b[39m\n                      \u001b[0mBuscar (usuario/codigo)\u001b[0m\n                    \u001b[36m</span>\u001b[39m\n                    \u001b[36m<input\u001b[39m\n                      \u001b[33mclass\u001b[39m=\u001b[32m\"dash-input\"\u001b[39m\n                      \u001b[33mplaceholder\u001b[39m=\u001b[32m\"Ej. admin_demo\"\u001b[39m\n                      \u001b[33mvalue\u001b[39m=\u001b[32m\"\"\u001b[39m\n                    \u001b[36m/>\u001b[39m\n                  \u001b[36m</label>\u001b[39m\n                  \u001b[36m<label\u001b[39m\n                    \u001b[33mclass\u001b[39m=\u001b[32m\"dash-field\"\u001b[39m\n                  \u001b[36m>\u001b[39m\n                    \u001b[36m<span\u001b[39m\n                      \u001b[33mclass\u001b[39m=\u001b[32m\"dash-field__label\"\u001b[39m\n                    \u001b[36m>\u001b[39m\n                      \u001b[0mTamano pagina\u001b[0m\n                    \u001b[36m</span>\u001b[39m\n                    \u001b[36m<select\u001b[39m\n                      \u001b[33mclass\u001b[39m=\u001b[32m\"dash-input\"\u001b[39m\n                    \u001b[36m>\u001b[39m\n                      \u001b[36m<option\u001b[39m\n                        \u001b[33mvalue\u001b[39m=\u001b[32m\"10\"\u001b[39m\n                      \u001b[36m>\u001b[39m\n                        \u001b[0m10\u001b[0m\n                      \u001b[36m</option>\u001b[39m\n                      \u001b[36m<option\u001b[39m\n                        \u001b[33mvalue\u001b[39m=\u001b[32m\"15\"\u001b[39m\n                      \u001b[36m>\u001b[39m\n                        \u001b[0m15\u001b[0m\n                      \u001b[36m</option>\u001b[39m\n                      \u001b[36m<option\u001b[39m\n                        \u001b[33mvalue\u001b[39m=\u001b[32m\"25\"\u001b[39m\n                      \u001b[36m>\u001b[39m\n                        \u001b[0m25\u001b[0m\n                      \u001b[36m</option>\u001b[39m\n                      \u001b[36m<option\u001b[39m\n                        \u001b[33mvalue\u001b[39m=\u001b[32m\"50\"\u001b[39m\n                      \u001b[36m>\u001b[39m\n                        \u001b[0m50\u001b[0m\n                      \u001b[36m</option>\u001b[39m\n                    \u001b[36m</select>\u001b[39m\n                  \u001b[36m</label>\u001b[39m\n                \u001b[36m</div>\u001b[39m\n                \u001b[36m<div\u001b[39m\n                  \u001b[33mclass\u001b[39m=\u001b[32m\"dash-table-toolbar\"\u001b[39m\n                \u001b[36m>\u001b[39m\n                  \u001b[36m<p\u001b[39m\n                    \u001b[33mclass\u001b[39m=\u001b[32m\"dash-table-toolbar__meta\"\u001b[39m\n                  \u001b[36m>\u001b[39m\n                    \u001b[0mPagina 1 · 2 de 2 · limite 15\u001b[0m\n                  \u001b[36m</p>\u001b[39m\n                  \u001b[36m<div\u001b[39m\n                    \u001b[33mclass\u001b[39m=\u001b[32m\"dash-form__actions dash-form__actions--row\"\u001b[39m\n                  \u001b[36m>\u001b[39m\n                    \u001b[36m<button\u001b[39m\n                      \u001b[33mclass\u001b[39m=\u001b[32m\"dash-btn dash-btn--secondary dash-btn--sm\"\u001b[39m\n                      \u001b[33mdisabled\u001b[39m=\u001b[32m\"\"\u001b[39m\n                      \u001b[33mtype\u001b[39m=\u001b[32m\"button\"\u001b[39m\n                    \u001b[36m>\u001b[39m\n                      \u001b[0mAnterior\u001b[0m\n                    \u001b[36m</button>\u001b[39m\n                    \u001b[36m<button\u001b[39m\n                      \u001b[33mclass\u001b[39m=\u001b[32m\"dash-btn dash-btn--secondary dash-btn--sm\"\u001b[39m\n                      \u001b[33mdisabled\u001b[39m=\u001b[32m\"\"\u001b[39m\n                      \u001b[33mtype\u001b[39m=\u001b[32m\"button\"\u001b[39m\n                    \u001b[36m>\u001b[39m\n                      \u001b[0mSiguiente\u001b[0m\n                    \u001b[36m</button>\u001b[39m\n                  \u001b[36m</div>\u001b[39m\n                \u001b[36m</div>\u001b[39m\n                \u001b[36m<div\u001b[39m\n                  \u001b[33mclass\u001b[39m=\u001b[32m\"dash-table-wrap dash-table-wrap--polish\"\u001b[39m\n                \u001b[36m>\u001b[39m\n                  \u001b[36m<table\u001b[39m\n                    \u001b[33mclass\u001b[39m=\u001b[32m\"dash-table dash-table--polish\"\u001b[39m\n                  \u001b[36m>\u001b[39m\n                    \u001b[36m<thead>\u001b[39m\n                      \u001b[36m<tr>\u001b[39m\n                        \u001b[36m<th>\u001b[39m\n                          \u001b[0mID\u001b[0m\n                        \u001b[36m</th>\u001b[39m\n                        \u001b[36m<th>\u001b[39m\n                          \u001b[0mUsuario\u001b[0m\n                        \u001b[36m</th>\u001b[39m\n                        \u001b[36m<th>\u001b[39m\n                          \u001b[0mCodigo cliente\u001b[0m\n                        \u001b[36m</th>\u001b[39m\n                        \u001b[36m<th>\u001b[39m\n                          \u001b[0mActivo\u001b[0m\n                        \u001b[36m</th>\u001b[39m\n                        \u001b[36m<th>\u001b[39m\n                          \u001b[0mFecha alta\u001b[0m\n                        \u001b[36m</th>\u001b[39m\n                        \u001b[36m<th\u001b[39m\n                          \u001b[33mclass\u001b[39m=\u001b[32m\"dash-table__th-actions\"\u001b[39m\n                        \u001b[36m>\u001b[39m\n                          \u001b[0mAcciones\u001b[0m\n                        \u001b[36m</th>\u001b[39m\n                      \u001b[36m</tr>\u001b[39m\n                    \u001b[36m</thead>\u001b[39m\n                    \u001b[36m<tbody>\u001b[39m\n                      \u001b[36m<tr>\u001b[39m\n                        \u001b[36m<td\u001b[39m\n                          \u001b[33mclass\u001b[39m=\u001b[32m\"dash-table__mono\"\u001b[39m\n                        \u001b[36m>\u001b[39m\n                          \u001b[0m1\u001b[0m\n                        \u001b[36m</td>\u001b[39m\n                        \u001b[36m<td>\u001b[39m\n                          \u001b[36m<span\u001b[39m\n                            \u001b[33mclass\u001b[39m=\u001b[32m\"dash-table__strong\"\u001b[39m\n                          \u001b[36m>\u001b[39m\n                            \u001b[0madmin_demo\u001b[0m\n                          \u001b[36m</span>\u001b[39m\n                        \u001b[36m</td>\u001b[39m\n                        \u001b[36m<td\u001b[39m\n                          \u001b[33mclass\u001b[39m=\u001b[32m\"dash-table__muted\"\u001b[39m\n                        \u001b[36m>\u001b[39m\n                          \u001b[0mDEMO-ADMIN\u001b[0m\n                        \u001b[36m</td>\u001b[39m\n                        \u001b[36m<td>\u001b[39m\n                          \u001b[0mSi\u001b[0m\n                        \u001b[36m</td>\u001b[39m\n                        \u001b[36m<td\u001b[39m\n                          \u001b[33mclass\u001b[39m=\u001b[32m\"dash-table__mono dash-table__muted\"\u001b[39m\n                        \u001b[36m>\u001b[39m\n                          \u001b[36m<time\u001b[39m\n                            \u001b[33mdatetime\u001b[39m=\u001b[32m\"2026-03-24\"\u001b[39m\n                          \u001b[36m>\u001b[39m\n                            \u001b[0m2026-03-24\u001b[0m\n                          \u001b[36m</time>\u001b[39m\n                        \u001b[36m</td>\u001b[39m\n                        \u001b[36m<td\u001b[39m\n                          \u001b[33mclass\u001b[39m=\u001b[32m\"dash-table__actions\"\u001b[39m\n                        \u001b[36m>\u001b[39m\n                          \u001b[36m<button\u001b[39m\n                            \u001b[33mclass\u001b[39m=\u001b[32m\"dash-btn dash-btn--ghost dash-btn--sm\"\u001b[39m\n                            \u001b[33mtype\u001b[39m=\u001b[32m\"button\"\u001b[39m\n                          \u001b[36m>\u001b[39m\n                            \u001b[0mEditar\u001b[0m\n                          \u001b[36m</button>\u001b[39m\n                          \u001b[36m<button\u001b[39m\n                            \u001b[33mclass\u001b[39m=\u001b[32m\"dash-btn dash-btn--danger dash-btn--sm\"\u001b[39m\n                            \u001b[33mtype\u001b[39m=\u001b[32m\"button\"\u001b[39m\n                          \u001b[36m>\u001b[39m\n                            \u001b[0mDesactivar\u001b[0m\n                          \u001b[36m</button>\u001b[39m\n                        \u001b[36m</td>\u001b[39m\n                      \u001b[36m</tr>\u001b[39m\n                      \u001b[36m<tr>\u001b[39m\n                        \u001b[36m<td\u001b[39m\n                          \u001b[33mclass\u001b[39m=\u001b[32m\"dash-table__mono\"\u001b[39m\n                        \u001b[36m>\u001b[39m\n                          \u001b[0m2\u001b[0m\n                        \u001b[36m</td>\u001b[39m\n                        \u001b[36m<td>\u001b[39m\n                          \u001b[36m<span\u001b[39m\n                            \u001b[33mclass\u001b[39m=\u001b[32m\"dash-table__strong\"\u001b[39m\n                          \u001b[36m>\u001b[39m\n                            \u001b[0muser_demo\u001b[0m\n                          \u001b[36m</span>\u001b[39m\n                        \u001b[36m</td>\u001b[39m\n                        \u001b[36m<td\u001b[39m\n                          \u001b[33mclass\u001b[39m=\u001b[32m\"dash-table__muted\"\u001b[39m\n                        \u001b[36m>\u001b[39m\n                          \u001b[0mDEMO-USER\u001b[0m\n                        \u001b[36m</td>\u001b[39m\n                        \u001b[36m<td>\u001b[39m\n                          \u001b[0mSi\u001b[0m\n                        \u001b[36m</td>\u001b[39m\n                        \u001b[36m<td\u001b[39m\n                          \u001b[33mclass\u001b[39m=\u001b[32m\"dash-table__mono dash-table__muted\"\u001b[39m\n                        \u001b[36m>\u001b[39m\n                          \u001b[36m<time\u001b[39m\n                            \u001b[33mdatetime\u001b[39m=\u001b[32m\"2026-03-24\"\u001b[39m\n                          \u001b[36m>\u001b[39m\n                            \u001b[0m2026-03-24\u001b[0m\n                          \u001b[36m</time>\u001b[39m\n                        \u001b[36m</td>\u001b[39m\n                        \u001b[36m<td\u001b[39m\n                          \u001b[33mclass\u001b[39m=\u001b[32m\"dash-table__actions\"\u001b[39m\n                        \u001b[36m>\u001b[39m\n                          \u001b[36m<button\u001b[39m\n                            \u001b[33mclass\u001b[39m=\u001b[32m\"dash-btn dash-btn--ghost dash-btn--sm\"\u001b[39m\n                            \u001b[33mtype\u001b[39m=\u001b[32m\"button\"\u001b[39m\n                          \u001b[36m>\u001b[39m\n                            \u001b[0mEditar\u001b[0m\n                          \u001b[36m</button>\u001b[39m\n                          \u001b[36m<button\u001b[39m\n                            \u001b[33mclass\u001b[39m=\u001b[32m\"dash-btn dash-btn--danger dash-btn--sm\"\u001b[39m\n                            \u001b[33mtype\u001b[39m=\u001b[32m\"button\"\u001b[39m\n                          \u001b[36m>\u001b[39m\n                            \u001b[0mDesactivar\u001b[0m\n                          \u001b[36m</button>\u001b[39m\n                        \u001b[36m</td>\u001b[39m\n                      \u001b[36m</tr>\u001b[39m\n                    \u001b[36m</tbody>\u001b[39m\n                  \u001b[36m</table>\u001b[39m\n                \u001b[36m</div>\u001b[39m\n              \u001b[36m</div>\u001b[39m\n            \u001b[36m</section>\u001b[39m\n          \u001b[36m</div>\u001b[39m\n        \u001b[36m</main>\u001b[39m\n      \u001b[36m</div>\u001b[39m\n    \u001b[36m</div>\u001b[39m\n    \u001b[36m<div\u001b[39m\n      \u001b[33maria-live\u001b[39m=\u001b[32m\"polite\"\u001b[39m\n      \u001b[33mclass\u001b[39m=\u001b[32m\"dash-toast-host\"\u001b[39m\n    \u001b[36m/>\u001b[39m\n  \u001b[36m</div>\u001b[39m\n\u001b[36m</body>\u001b[39m\n    at Object.getElementError (C:\\Users\\Desarrollo\\Documents\\iniciol\\starter-web\\node_modules\\@testing-library\\dom\\dist\\config.js:37:19)\n    at getElementError (C:\\Users\\Desarrollo\\Documents\\iniciol\\starter-web\\node_modules\\@testing-library\\dom\\dist\\query-helpers.js:20:35)\n    at getMultipleElementsFoundError (C:\\Users\\Desarrollo\\Documents\\iniciol\\starter-web\\node_modules\\@testing-library\\dom\\dist\\query-helpers.js:23:10)\n    at C:\\Users\\Desarrollo\\Documents\\iniciol\\starter-web\\node_modules\\@testing-library\\dom\\dist\\query-helpers.js:55:13\n    at C:\\Users\\Desarrollo\\Documents\\iniciol\\starter-web\\node_modules\\@testing-library\\dom\\dist\\query-helpers.js:95:19\n    at C:/Users/Desarrollo/Documents/iniciol/starter-web/src/App.integration.test.jsx:172:19\n    at file:///C:/Users/Desarrollo/Documents/iniciol/starter-web/node_modules/@vitest/runner/dist/chunk-artifact.js:1893:20"],"meta":{},"tags":[]},{"ancestorTitles":["Integracion de vistas clave"],"fullName":"Integracion de vistas clave usuario sin permiso no puede quedarse en Users","status":"passed","title":"usuario sin permiso no puede quedarse en Users","duration":37.46199999999999,"failureMessages":[],"meta":{},"tags":[]},{"ancestorTitles":["Integracion de vistas clave"],"fullName":"Integracion de vistas clave flujo integrado create/edit/deactivate en UsersPage","status":"failed","title":"flujo integrado create/edit/deactivate en UsersPage","duration":116.79859999999962,"failureMessages":["TestingLibraryElementError: Found multiple elements with the text: Usuario creado correctamente.\n\nHere are the matching elements:\n\nIgnored nodes: comments, script, style\n\u001b[36m<p\u001b[39m\n  \u001b[33mclass\u001b[39m=\u001b[32m\"dash-muted\"\u001b[39m\n  \u001b[33mrole\u001b[39m=\u001b[32m\"status\"\u001b[39m\n\u001b[36m>\u001b[39m\n  \u001b[0mUsuario creado correctamente.\u001b[0m\n\u001b[36m</p>\u001b[39m\n\nIgnored nodes: comments, script, style\n\u001b[36m<span\u001b[39m\n  \u001b[33mclass\u001b[39m=\u001b[32m\"dash-toast__msg\"\u001b[39m\n\u001b[36m>\u001b[39m\n  \u001b[0mUsuario creado correctamente.\u001b[0m\n\u001b[36m</span>\u001b[39m\n\n(If this is intentional, then use the `*AllBy*` variant of the query (like `queryAllByText`, `getAllByText`, or `findAllByText`)).\n\nIgnored nodes: comments, script, style\n\u001b[36m<body>\u001b[39m\n  \u001b[36m<div>\u001b[39m\n    \u001b[36m<div\u001b[39m\n      \u001b[33mclass\u001b[39m=\u001b[32m\"dash-shell\"\u001b[39m\n    \u001b[36m>\u001b[39m\n      \u001b[36m<header\u001b[39m\n        \u001b[33mclass\u001b[39m=\u001b[32m\"dash-header\"\u001b[39m\n      \u001b[36m>\u001b[39m\n        \u001b[36m<div\u001b[39m\n          \u001b[33mclass\u001b[39m=\u001b[32m\"dash-header__brand\"\u001b[39m\n        \u001b[36m>\u001b[39m\n          \u001b[36m<div\u001b[39m\n            \u001b[33maria-hidden\u001b[39m=\u001b[32m\"true\"\u001b[39m\n            \u001b[33mclass\u001b[39m=\u001b[32m\"dash-header__logo-wrap\"\u001b[39m\n          \u001b[36m>\u001b[39m\n            \u001b[36m<svg\u001b[39m\n              \u001b[33mclass\u001b[39m=\u001b[32m\"dash-header__logo-svg\"\u001b[39m\n              \u001b[33mfill\u001b[39m=\u001b[32m\"none\"\u001b[39m\n              \u001b[33mviewBox\u001b[39m=\u001b[32m\"0 0 32 32\"\u001b[39m\n            \u001b[36m>\u001b[39m\n              \u001b[36m<rect\u001b[39m\n                \u001b[33mfill\u001b[39m=\u001b[32m\"url(#dashLogoGrad-_r_3_)\"\u001b[39m\n                \u001b[33mheight\u001b[39m=\u001b[32m\"32\"\u001b[39m\n                \u001b[33mrx\u001b[39m=\u001b[32m\"8\"\u001b[39m\n                \u001b[33mwidth\u001b[39m=\u001b[32m\"32\"\u001b[39m\n              \u001b[36m/>\u001b[39m\n              \u001b[36m<path\u001b[39m\n                \u001b[33md\u001b[39m=\u001b[32m\"M8 22V10l8 6 8-6v12\"\u001b[39m\n                \u001b[33mstroke\u001b[39m=\u001b[32m\"white\"\u001b[39m\n                \u001b[33mstroke-linecap\u001b[39m=\u001b[32m\"round\"\u001b[39m\n                \u001b[33mstroke-linejoin\u001b[39m=\u001b[32m\"round\"\u001b[39m\n                \u001b[33mstroke-width\u001b[39m=\u001b[32m\"2\"\u001b[39m\n              \u001b[36m/>\u001b[39m\n              \u001b[36m<defs>\u001b[39m\n                \u001b[36m<lineargradient\u001b[39m\n                  \u001b[33mid\u001b[39m=\u001b[32m\"dashLogoGrad-_r_3_\"\u001b[39m\n                  \u001b[33mx1\u001b[39m=\u001b[32m\"0\"\u001b[39m\n                  \u001b[33mx2\u001b[39m=\u001b[32m\"32\"\u001b[39m\n                  \u001b[33my1\u001b[39m=\u001b[32m\"0\"\u001b[39m\n                  \u001b[33my2\u001b[39m=\u001b[32m\"32\"\u001b[39m\n                \u001b[36m>\u001b[39m\n                  \u001b[36m<stop\u001b[39m\n                    \u001b[33mstop-color\u001b[39m=\u001b[32m\"#6366f1\"\u001b[39m\n                  \u001b[36m/>\u001b[39m\n                  \u001b[36m<stop\u001b[39m\n                    \u001b[33moffset\u001b[39m=\u001b[32m\"1\"\u001b[39m\n                    \u001b[33mstop-color\u001b[39m=\u001b[32m\"#8b5cf6\"\u001b[39m\n                  \u001b[36m/>\u001b[39m\n                \u001b[36m</lineargradient>\u001b[39m\n              \u001b[36m</defs>\u001b[39m\n            \u001b[36m</svg>\u001b[39m\n          \u001b[36m</div>\u001b[39m\n          \u001b[36m<div>\u001b[39m\n            \u001b[36m<span\u001b[39m\n              \u001b[33mclass\u001b[39m=\u001b[32m\"dash-header__name\"\u001b[39m\n            \u001b[36m>\u001b[39m\n              \u001b[0mNexus Admin\u001b[0m\n            \u001b[36m</span>\u001b[39m\n            \u001b[36m<span\u001b[39m\n              \u001b[33mclass\u001b[39m=\u001b[32m\"dash-header__tag\"\u001b[39m\n            \u001b[36m>\u001b[39m\n              \u001b[0mUser API\u001b[0m\n            \u001b[36m</span>\u001b[39m\n          \u001b[36m</div>\u001b[39m\n        \u001b[36m</div>\u001b[39m\n        \u001b[36m<div\u001b[39m\n          \u001b[33mclass\u001b[39m=\u001b[32m\"dash-header__tools\"\u001b[39m\n        \u001b[36m>\u001b[39m\n          \u001b[36m<div\u001b[39m\n            \u001b[33mdata-testid\u001b[39m=\u001b[32m\"notification-bell\"\u001b[39m\n          \u001b[36m/>\u001b[39m\n          \u001b[36m<div\u001b[39m\n            \u001b[33maria-hidden\u001b[39m=\u001b[32m\"true\"\u001b[39m\n            \u001b[33mclass\u001b[39m=\u001b[32m\"dash-header__avatar dash-header__avatar--mobile\"\u001b[39m\n            \u001b[33mtitle\u001b[39m=\u001b[32m\"admin_demo\"\u001b[39m\n          \u001b[36m>\u001b[39m\n            \u001b[0mAD\u001b[0m\n          \u001b[36m</div>\u001b[39m\n          \u001b[36m<div\u001b[39m\n            \u001b[33mclass\u001b[39m=\u001b[32m\"dash-header__profile\"\u001b[39m\n          \u001b[36m>\u001b[39m\n            \u001b[36m<div\u001b[39m\n              \u001b[33maria-hidden\u001b[39m=\u001b[32m\"true\"\u001b[39m\n              \u001b[33mclass\u001b[39m=\u001b[32m\"dash-header__avatar\"\u001b[39m\n              \u001b[33mtitle\u001b[39m=\u001b[32m\"admin_demo\"\u001b[39m\n            \u001b[36m>\u001b[39m\n              \u001b[0mAD\u001b[0m\n            \u001b[36m</div>\u001b[39m\n            \u001b[36m<div\u001b[39m\n              \u001b[33mclass\u001b[39m=\u001b[32m\"dash-header__profile-text\"\u001b[39m\n            \u001b[36m>\u001b[39m\n              \u001b[36m<span\u001b[39m\n                \u001b[33mclass\u001b[39m=\u001b[32m\"dash-header__profile-name\"\u001b[39m\n              \u001b[36m>\u001b[39m\n                \u001b[0madmin_demo\u001b[0m\n              \u001b[36m</span>\u001b[39m\n              \u001b[36m<span\u001b[39m\n                \u001b[33mclass\u001b[39m=\u001b[32m\"dash-header__profile-email\"\u001b[39m\n              \u001b[36m>\u001b[39m\n                \u001b[0mTenant: \u001b[0m\n                \u001b[0mDEFAULT\u001b[0m\n              \u001b[36m</span>\u001b[39m\n            \u001b[36m</div>\u001b[39m\n          \u001b[36m</div>\u001b[39m\n          \u001b[36m<button\u001b[39m\n            \u001b[33mclass\u001b[39m=\u001b[32m\"dash-btn dash-btn--outline dash-btn--header\"\u001b[39m\n            \u001b[33mtype\u001b[39m=\u001b[32m\"button\"\u001b[39m\n          \u001b[36m>\u001b[39m\n            \u001b[0mLog out\u001b[0m\n          \u001b[36m</button>\u001b[39m\n        \u001b[36m</div>\u001b[39m\n      \u001b[36m</header>\u001b[39m\n      \u001b[36m<div\u001b[39m\n        \u001b[33mclass\u001b[39m=\u001b[32m\"dash-body\"\u001b[39m\n      \u001b[36m>\u001b[39m\n        \u001b[36m<aside\u001b[39m\n          \u001b[33maria-label\u001b[39m=\u001b[32m\"Navegación principal\"\u001b[39m\n          \u001b[33mclass\u001b[39m=\u001b[32m\"dash-sidebar\"\u001b[39m\n        \u001b[36m>\u001b[39m\n          \u001b[36m<div\u001b[39m\n            \u001b[33mclass\u001b[39m=\u001b[32m\"dash-sidebar__section-label\"\u001b[39m\n          \u001b[36m>\u001b[39m\n            \u001b[0mMenú\u001b[0m\n          \u001b[36m</div>\u001b[39m\n          \u001b[36m<nav\u001b[39m\n            \u001b[33mclass\u001b[39m=\u001b[32m\"dash-nav\"\u001b[39m\n          \u001b[36m>\u001b[39m\n            \u001b[36m<button\u001b[39m\n              \u001b[33mclass\u001b[39m=\u001b[32m\"dash-nav__item \"\u001b[39m\n              \u001b[33mtype\u001b[39m=\u001b[32m\"button\"\u001b[39m\n            \u001b[36m>\u001b[39m\n              \u001b[36m<svg\u001b[39m\n                \u001b[33maria-hidden\u001b[39m=\u001b[32m\"true\"\u001b[39m\n                \u001b[33mclass\u001b[39m=\u001b[32m\"dash-nav__svg\"\u001b[39m\n                \u001b[33mfill\u001b[39m=\u001b[32m\"none\"\u001b[39m\n                \u001b[33mstroke\u001b[39m=\u001b[32m\"currentColor\"\u001b[39m\n                \u001b[33mstroke-width\u001b[39m=\u001b[32m\"2\"\u001b[39m\n                \u001b[33mviewBox\u001b[39m=\u001b[32m\"0 0 24 24\"\u001b[39m\n              \u001b[36m>\u001b[39m\n                \u001b[36m<rect\u001b[39m\n                  \u001b[33mheight\u001b[39m=\u001b[32m\"9\"\u001b[39m\n                  \u001b[33mrx\u001b[39m=\u001b[32m\"1\"\u001b[39m\n                  \u001b[33mwidth\u001b[39m=\u001b[32m\"7\"\u001b[39m\n                  \u001b[33mx\u001b[39m=\u001b[32m\"3\"\u001b[39m\n                  \u001b[33my\u001b[39m=\u001b[32m\"3\"\u001b[39m\n                \u001b[36m/>\u001b[39m\n                \u001b[36m<rect\u001b[39m\n                  \u001b[33mheight\u001b[39m=\u001b[32m\"5\"\u001b[39m\n                  \u001b[33mrx\u001b[39m=\u001b[32m\"1\"\u001b[39m\n                  \u001b[33mwidth\u001b[39m=\u001b[32m\"7\"\u001b[39m\n                  \u001b[33mx\u001b[39m=\u001b[32m\"14\"\u001b[39m\n                  \u001b[33my\u001b[39m=\u001b[32m\"3\"\u001b[39m\n                \u001b[36m/>\u001b[39m\n                \u001b[36m<rect\u001b[39m\n                  \u001b[33mheight\u001b[39m=\u001b[32m\"9\"\u001b[39m\n                  \u001b[33mrx\u001b[39m=\u001b[32m\"1\"\u001b[39m\n                  \u001b[33mwidth\u001b[39m=\u001b[32m\"7\"\u001b[39m\n                  \u001b[33mx\u001b[39m=\u001b[32m\"14\"\u001b[39m\n                  \u001b[33my\u001b[39m=\u001b[32m\"12\"\u001b[39m\n                \u001b[36m/>\u001b[39m\n                \u001b[36m<rect\u001b[39m\n                  \u001b[33mheight\u001b[39m=\u001b[32m\"5\"\u001b[39m\n                  \u001b[33mrx\u001b[39m=\u001b[32m\"1\"\u001b[39m\n                  \u001b[33mwidth\u001b[39m=\u001b[32m\"7\"\u001b[39m\n                  \u001b[33mx\u001b[39m=\u001b[32m\"3\"\u001b[39m\n                  \u001b[33my\u001b[39m=\u001b[32m\"16\"\u001b[39m\n                \u001b[36m/>\u001b[39m\n              \u001b[36m</svg>\u001b[39m\n              \u001b[36m<span>\u001b[39m\n                \u001b[0mDashboard\u001b[0m\n              \u001b[36m</span>\u001b[39m\n            \u001b[36m</button>\u001b[39m\n            \u001b[36m<button\u001b[39m\n              \u001b[33maria-current\u001b[39m=\u001b[32m\"page\"\u001b[39m\n              \u001b[33mclass\u001b[39m=\u001b[32m\"dash-nav__item dash-nav__item--active\"\u001b[39m\n              \u001b[33mtype\u001b[39m=\u001b[32m\"button\"\u001b[39m\n            \u001b[36m>\u001b[39m\n              \u001b[36m<svg\u001b[39m\n                \u001b[33maria-hidden\u001b[39m=\u001b[32m\"true\"\u001b[39m\n                \u001b[33mclass\u001b[39m=\u001b[32m\"dash-nav__svg\"\u001b[39m\n                \u001b[33mfill\u001b[39m=\u001b[32m\"none\"\u001b[39m\n                \u001b[33mstroke\u001b[39m=\u001b[32m\"currentColor\"\u001b[39m\n                \u001b[33mstroke-width\u001b[39m=\u001b[32m\"2\"\u001b[39m\n                \u001b[33mviewBox\u001b[39m=\u001b[32m\"0 0 24 24\"\u001b[39m\n              \u001b[36m>\u001b[39m\n                \u001b[36m<path\u001b[39m\n                  \u001b[33md\u001b[39m=\u001b[32m\"M17 21v-2a4 4 0 0 0-4-4H5a4 4 0 0 0-4 4v2\"\u001b[39m\n                \u001b[36m/>\u001b[39m\n                \u001b[36m<circle\u001b[39m\n                  \u001b[33mcx\u001b[39m=\u001b[32m\"9\"\u001b[39m\n                  \u001b[33mcy\u001b[39m=\u001b[32m\"7\"\u001b[39m\n                  \u001b[33mr\u001b[39m=\u001b[32m\"4\"\u001b[39m\n                \u001b[36m/>\u001b[39m\n                \u001b[36m<path\u001b[39m\n                  \u001b[33md\u001b[39m=\u001b[32m\"M23 21v-2a4 4 0 0 0-3-3.87\"\u001b[39m\n                \u001b[36m/>\u001b[39m\n                \u001b[36m<path\u001b[39m\n                  \u001b[33md\u001b[39m=\u001b[32m\"M16 3.13a4 4 0 0 1 0 7.75\"\u001b[39m\n                \u001b[36m/>\u001b[39m\n              \u001b[36m</svg>\u001b[39m\n              \u001b[36m<span>\u001b[39m\n                \u001b[0mUsers\u001b[0m\n              \u001b[36m</span>\u001b[39m\n            \u001b[36m</button>\u001b[39m\n            \u001b[36m<button\u001b[39m\n              \u001b[33mclass\u001b[39m=\u001b[32m\"dash-nav__item \"\u001b[39m\n              \u001b[33mtype\u001b[39m=\u001b[32m\"button\"\u001b[39m\n            \u001b[36m>\u001b[39m\n              \u001b[36m<svg\u001b[39m\n                \u001b[33maria-hidden\u001b[39m=\u001b[32m\"true\"\u001b[39m\n                \u001b[33mclass\u001b[39m=\u001b[32m\"dash-nav__svg\"\u001b[39m\n                \u001b[33mfill\u001b[39m=\u001b[32m\"none\"\u001b[39m\n                \u001b[33mstroke\u001b[39m=\u001b[32m\"currentColor\"\u001b[39m\n                \u001b[33mstroke-width\u001b[39m=\u001b[32m\"2\"\u001b[39m\n                \u001b[33mviewBox\u001b[39m=\u001b[32m\"0 0 24 24\"\u001b[39m\n              \u001b[36m>\u001b[39m\n                \u001b[36m<polyline\u001b[39m\n                  \u001b[33mpoints\u001b[39m=\u001b[32m\"22 12 18 12 15 21 9 3 6 12 2 12\"\u001b[39m\n                \u001b[36m/>\u001b[39m\n              \u001b[36m</svg>\u001b[39m\n              \u001b[36m<span>\u001b[39m\n                \u001b[0mAPI Status\u001b[0m\n              \u001b[36m</span>\u001b[39m\n            \u001b[36m</button>\u001b[39m\n          \u001b[36m</nav>\u001b[39m\n        \u001b[36m</aside>\u001b[39m\n        \u001b[36m<main\u001b[39m\n          \u001b[33mclass\u001b[39m=\u001b[32m\"dash-main\"\u001b[39m\n        \u001b[36m>\u001b[39m\n          \u001b[36m<div\u001b[39m\n            \u001b[33mclass\u001b[39m=\u001b[32m\"dash-page dash-page--wide users-page\"\u001b[39m\n          \u001b[36m>\u001b[39m\n            \u001b[36m<div\u001b[39m\n              \u001b[33mclass\u001b[39m=\u001b[32m\"dash-page__intro\"\u001b[39m\n            \u001b[36m>\u001b[39m\n              \u001b[36m<h1\u001b[39m\n                \u001b[33mclass\u001b[39m=\u001b[32m\"dash-page__title\"\u001b[39m\n              \u001b[36m>\u001b[39m\n                \u001b[0mUsers\u001b[0m\n              \u001b[36m</h1>\u001b[39m\n              \u001b[36m<p\u001b[39m\n                \u001b[33mclass\u001b[39m=\u001b[32m\"dash-page__lead\"\u001b[39m\n              \u001b[36m>\u001b[39m\n                \u001b[0mAdministracion de usuarios via \u001b[0m\n                \u001b[36m<code\u001b[39m\n                  \u001b[33mclass\u001b[39m=\u001b[32m\"dash-code\"\u001b[39m\n                \u001b[36m>\u001b[39m\n                  \u001b[0m/users\u001b[0m\n                \u001b[36m</code>\u001b[39m\n                \u001b[0m con autenticacion Bearer.\u001b[0m\n              \u001b[36m</p>\u001b[39m\n            \u001b[36m</div>\u001b[39m\n            \u001b[36m<section\u001b[39m\n              \u001b[33mclass\u001b[39m=\u001b[32m\"dash-card dash-card--lift\"\u001b[39m\n            \u001b[36m>\u001b[39m\n              \u001b[36m<header\u001b[39m\n                \u001b[33mclass\u001b[39m=\u001b[32m\"dash-card__header\"\u001b[39m\n              \u001b[36m>\u001b[39m\n                \u001b[36m<div\u001b[39m\n                  \u001b[33mclass\u001b[39m=\u001b[32m\"dash-card__head-text\"\u001b[39m\n                \u001b[36m>\u001b[39m\n                  \u001b[36m<h2\u001b[39m\n                    \u001b[33mclass\u001b[39m=\u001b[32m\"dash-card__title\"\u001b[39m\n                  \u001b[36m>\u001b[39m\n                    \u001b[0mNuevo usuario\u001b[0m\n                  \u001b[36m</h2>\u001b[39m\n                  \u001b[36m<p\u001b[39m\n                    \u001b[33mclass\u001b[39m=\u001b[32m\"dash-card__subtitle\"\u001b[39m\n                  \u001b[36m>\u001b[39m\n                    \u001b[0mPOST /users\u001b[0m\n                  \u001b[36m</p>\u001b[39m\n                \u001b[36m</div>\u001b[39m\n              \u001b[36m</header>\u001b[39m\n              \u001b[36m<div\u001b[39m\n                \u001b[33mclass\u001b[39m=\u001b[32m\"dash-card__body\"\u001b[39m\n              \u001b[36m>\u001b[39m\n                \u001b[36m<form\u001b[39m\n                  \u001b[33mclass\u001b[39m=\u001b[32m\"dash-form dash-form--grid\"\u001b[39m\n                \u001b[36m>\u001b[39m\n                  \u001b[36m<label\u001b[39m\n                    \u001b[33mclass\u001b[39m=\u001b[32m\"dash-field\"\u001b[39m\n                  \u001b[36m>\u001b[39m\n                    \u001b[36m<span\u001b[39m\n                      \u001b[33mclass\u001b[39m=\u001b[32m\"dash-field__label\"\u001b[39m\n                    \u001b[36m>\u001b[39m\n                      \u001b[0mUsuario\u001b[0m\n                    \u001b[36m</span>\u001b[39m\n                    \u001b[36m<input\u001b[39m\n                      \u001b[33mclass\u001b[39m=\u001b[32m\"dash-input\"\u001b[39m\n                      \u001b[33mminlength\u001b[39m=\u001b[32m\"2\"\u001b[39m\n                      \u001b[33mplaceholder\u001b[39m=\u001b[32m\"usuario\"\u001b[39m\n                      \u001b[33mrequired\u001b[39m=\u001b[32m\"\"\u001b[39m\n                      \u001b[33mvalue\u001b[39m=\u001b[32m\"\"\u001b[39m\n                    \u001b[36m/>\u001b[39m\n                  \u001b[36m</label>\u001b[39m\n                  \u001b[36m<label\u001b[39m\n                    \u001b[33mclass\u001b[39m=\u001b[32m\"dash-field\"\u001b[39m\n                  \u001b[36m>\u001b[39m\n                    \u001b[36m<span\u001b[39m\n                      \u001b[33mclass\u001b[39m=\u001b[32m\"dash-field__label\"\u001b[39m\n                    \u001b[36m>\u001b[39m\n                      \u001b[0mCodigo cliente (opcional)\u001b[0m\n                    \u001b[36m</span>\u001b[39m\n                    \u001b[36m<input\u001b[39m\n                      \u001b[33mclass\u001b[39m=\u001b[32m\"dash-input\"\u001b[39m\n                      \u001b[33mplaceholder\u001b[39m=\u001b[32m\"CLI-001\"\u001b[39m\n                      \u001b[33mvalue\u001b[39m=\u001b[32m\"\"\u001b[39m\n                    \u001b[36m/>\u001b[39m\n                  \u001b[36m</label>\u001b[39m\n                  \u001b[36m<label\u001b[39m\n                    \u001b[33mclass\u001b[39m=\u001b[32m\"dash-field\"\u001b[39m\n                  \u001b[36m>\u001b[39m\n                    \u001b[36m<span\u001b[39m\n                      \u001b[33mclass\u001b[39m=\u001b[32m\"dash-field__label\"\u001b[39m\n                    \u001b[36m>\u001b[39m\n                      \u001b[0mContrasena inicial\u001b[0m\n                    \u001b[36m</span>\u001b[39m\n                    \u001b[36m<input\u001b[39m\n                      \u001b[33mclass\u001b[39m=\u001b[32m\"dash-input\"\u001b[39m\n                      \u001b[33mminlength\u001b[39m=\u001b[32m\"8\"\u001b[39m\n                      \u001b[33mplaceholder\u001b[39m=\u001b[32m\"Minimo 8 caracteres\"\u001b[39m\n                      \u001b[33mrequired\u001b[39m=\u001b[32m\"\"\u001b[39m\n                      \u001b[33mtype\u001b[39m=\u001b[32m\"password\"\u001b[39m\n                      \u001b[33mvalue\u001b[39m=\u001b[32m\"\"\u001b[39m\n                    \u001b[36m/>\u001b[39m\n                  \u001b[36m</label>\u001b[39m\n                  \u001b[36m<div\u001b[39m\n                    \u001b[33mclass\u001b[39m=\u001b[32m\"dash-form__actions\"\u001b[39m\n                  \u001b[36m>\u001b[39m\n                    \u001b[36m<p\u001b[39m\n                      \u001b[33mclass\u001b[39m=\u001b[32m\"dash-muted\"\u001b[39m\n                      \u001b[33mrole\u001b[39m=\u001b[32m\"status\"\u001b[39m\n                    \u001b[36m>\u001b[39m\n                      \u001b[0mUsuario creado correctamente.\u001b[0m\n                    \u001b[36m</p>\u001b[39m\n                    \u001b[36m<button\u001b[39m\n                      \u001b[33mclass\u001b[39m=\u001b[32m\"dash-btn dash-btn--primary\"\u001b[39m\n                      \u001b[33mtype\u001b[39m=\u001b[32m\"submit\"\u001b[39m\n                    \u001b[36m>\u001b[39m\n                      \u001b[0mCrear usuario\u001b[0m\n                    \u001b[36m</button>\u001b[39m\n                  \u001b[36m</div>\u001b[39m\n                \u001b[36m</form>\u001b[39m\n              \u001b[36m</div>\u001b[39m\n            \u001b[36m</section>\u001b[39m\n            \u001b[36m<section\u001b[39m\n              \u001b[33mclass\u001b[39m=\u001b[32m\"dash-card dash-card--lift\"\u001b[39m\n            \u001b[36m>\u001b[39m\n              \u001b[36m<header\u001b[39m\n                \u001b[33mclass\u001b[39m=\u001b[32m\"dash-card__header\"\u001b[39m\n              \u001b[36m>\u001b[39m\n                \u001b[36m<div\u001b[39m\n                  \u001b[33mclass\u001b[39m=\u001b[32m\"dash-card__head-text\"\u001b[39m\n                \u001b[36m>\u001b[39m\n                  \u001b[36m<h2\u001b[39m\n                    \u001b[33mclass\u001b[39m=\u001b[32m\"dash-card__title\"\u001b[39m\n                  \u001b[36m>\u001b[39m\n                    \u001b[0mDirectorio\u001b[0m\n                  \u001b[36m</h2>\u001b[39m\n                  \u001b[36m<p\u001b[39m\n                    \u001b[33mclass\u001b[39m=\u001b[32m\"dash-card__subtitle\"\u001b[39m\n                  \u001b[36m>\u001b[39m\n                    \u001b[0mGET /users\u001b[0m\n                  \u001b[36m</p>\u001b[39m\n                \u001b[36m</div>\u001b[39m\n              \u001b[36m</header>\u001b[39m\n              \u001b[36m<div\u001b[39m\n                \u001b[33mclass\u001b[39m=\u001b[32m\"dash-card__body\"\u001b[39m\n              \u001b[36m>\u001b[39m\n                \u001b[36m<div\u001b[39m\n                  \u001b[33mclass\u001b[39m=\u001b[32m\"dash-form dash-form--grid\"\u001b[39m\n                  \u001b[33mstyle\u001b[39m=\u001b[32m\"margin-bottom: 0.75rem;\"\u001b[39m\n                \u001b[36m>\u001b[39m\n                  \u001b[36m<label\u001b[39m\n                    \u001b[33mclass\u001b[39m=\u001b[32m\"dash-field\"\u001b[39m\n                  \u001b[36m>\u001b[39m\n                    \u001b[36m<span\u001b[39m\n                      \u001b[33mclass\u001b[39m=\u001b[32m\"dash-field__label\"\u001b[39m\n                    \u001b[36m>\u001b[39m\n                      \u001b[0mBuscar (usuario/codigo)\u001b[0m\n                    \u001b[36m</span>\u001b[39m\n                    \u001b[36m<input\u001b[39m\n                      \u001b[33mclass\u001b[39m=\u001b[32m\"dash-input\"\u001b[39m\n                      \u001b[33mplaceholder\u001b[39m=\u001b[32m\"Ej. admin_demo\"\u001b[39m\n                      \u001b[33mvalue\u001b[39m=\u001b[32m\"\"\u001b[39m\n                    \u001b[36m/>\u001b[39m\n                  \u001b[36m</label>\u001b[39m\n                  \u001b[36m<label\u001b[39m\n                    \u001b[33mclass\u001b[39m=\u001b[32m\"dash-field\"\u001b[39m\n                  \u001b[36m>\u001b[39m\n                    \u001b[36m<span\u001b[39m\n                      \u001b[33mclass\u001b[39m=\u001b[32m\"dash-field__label\"\u001b[39m\n                    \u001b[36m>\u001b[39m\n                      \u001b[0mTamano pagina\u001b[0m\n                    \u001b[36m</span>\u001b[39m\n                    \u001b[36m<select\u001b[39m\n                      \u001b[33mclass\u001b[39m=\u001b[32m\"dash-input\"\u001b[39m\n                    \u001b[36m>\u001b[39m\n                      \u001b[36m<option\u001b[39m\n                        \u001b[33mvalue\u001b[39m=\u001b[32m\"10\"\u001b[39m\n                      \u001b[36m>\u001b[39m\n                        \u001b[0m10\u001b[0m\n                      \u001b[36m</option>\u001b[39m\n                      \u001b[36m<option\u001b[39m\n                        \u001b[33mvalue\u001b[39m=\u001b[32m\"15\"\u001b[39m\n                      \u001b[36m>\u001b[39m\n                        \u001b[0m15\u001b[0m\n                      \u001b[36m</option>\u001b[39m\n                      \u001b[36m<option\u001b[39m\n                        \u001b[33mvalue\u001b[39m=\u001b[32m\"25\"\u001b[39m\n                      \u001b[36m>\u001b[39m\n                        \u001b[0m25\u001b[0m\n                      \u001b[36m</option>\u001b[39m\n                      \u001b[36m<option\u001b[39m\n                        \u001b[33mvalue\u001b[39m=\u001b[32m\"50\"\u001b[39m\n                      \u001b[36m>\u001b[39m\n                        \u001b[0m50\u001b[0m\n                      \u001b[36m</option>\u001b[39m\n                    \u001b[36m</select>\u001b[39m\n                  \u001b[36m</label>\u001b[39m\n                \u001b[36m</div>\u001b[39m\n                \u001b[36m<div\u001b[39m\n                  \u001b[33mclass\u001b[39m=\u001b[32m\"dash-table-toolbar\"\u001b[39m\n                \u001b[36m>\u001b[39m\n                  \u001b[36m<p\u001b[39m\n                    \u001b[33mclass\u001b[39m=\u001b[32m\"dash-table-toolbar__meta\"\u001b[39m\n                  \u001b[36m>\u001b[39m\n                    \u001b[0mPagina 1 · 3 de 3 · limite 15\u001b[0m\n                  \u001b[36m</p>\u001b[39m\n                  \u001b[36m<div\u001b[39m\n                    \u001b[33mclass\u001b[39m=\u001b[32m\"dash-form__actions dash-form__actions--row\"\u001b[39m\n                  \u001b[36m>\u001b[39m\n                    \u001b[36m<button\u001b[39m\n                      \u001b[33mclass\u001b[39m=\u001b[32m\"dash-btn dash-btn--secondary dash-btn--sm\"\u001b[39m\n                      \u001b[33mdisabled\u001b[39m=\u001b[32m\"\"\u001b[39m\n                      \u001b[33mtype\u001b[39m=\u001b[32m\"button\"\u001b[39m\n                    \u001b[36m>\u001b[39m\n                      \u001b[0mAnterior\u001b[0m\n                    \u001b[36m</button>\u001b[39m\n                    \u001b[36m<button\u001b[39m\n                      \u001b[33mclass\u001b[39m=\u001b[32m\"dash-btn dash-btn--secondary dash-btn--sm\"\u001b[39m\n                      \u001b[33mdisabled\u001b[39m=\u001b[32m\"\"\u001b[39m\n                      \u001b[33mtype\u001b[39m=\u001b[32m\"button\"\u001b[39m\n                    \u001b[36m>\u001b[39m\n                      \u001b[0mSiguiente\u001b[0m\n                    \u001b[36m</button>\u001b[39m\n                  \u001b[36m</div>\u001b[39m\n                \u001b[36m</div>\u001b[39m\n                \u001b[36m<div\u001b[39m\n                  \u001b[33mclass\u001b[39m=\u001b[32m\"dash-table-wrap dash-table-wrap--polish\"\u001b[39m\n                \u001b[36m>\u001b[39m\n                  \u001b[36m<table\u001b[39m\n                    \u001b[33mclass\u001b[39m=\u001b[32m\"dash-table dash-table--polish\"\u001b[39m\n                  \u001b[36m>\u001b[39m\n                    \u001b[36m<thead>\u001b[39m\n                      \u001b[36m<tr>\u001b[39m\n                        \u001b[36m<th>\u001b[39m\n                          \u001b[0mID\u001b[0m\n                        \u001b[36m</th>\u001b[39m\n                        \u001b[36m<th>\u001b[39m\n                          \u001b[0mUsuario\u001b[0m\n                        \u001b[36m</th>\u001b[39m\n                        \u001b[36m<th>\u001b[39m\n                          \u001b[0mCodigo cliente\u001b[0m\n                        \u001b[36m</th>\u001b[39m\n                        \u001b[36m<th>\u001b[39m\n                          \u001b[0mActivo\u001b[0m\n                        \u001b[36m</th>\u001b[39m\n                        \u001b[36m<th>\u001b[39m\n                          \u001b[0mFecha alta\u001b[0m\n                        \u001b[36m</th>\u001b[39m\n                        \u001b[36m<th\u001b[39m\n                          \u001b[33mclass\u001b[39m=\u001b[32m\"dash-table__th-actions\"\u001b[39m\n                        \u001b[36m>\u001b[39m\n                          \u001b[0mAcciones\u001b[0m\n                        \u001b[36m</th>\u001b[39m\n                      \u001b[36m</tr>\u001b[39m\n                    \u001b[36m</thead>\u001b[39m\n                    \u001b[36m<tbody>\u001b[39m\n                      \u001b[36m<tr>\u001b[39m\n                        \u001b[36m<td\u001b[39m\n                          \u001b[33mclass\u001b[39m=\u001b[32m\"dash-table__mono\"\u001b[39m\n                        \u001b[36m>\u001b[39m\n                          \u001b[0m1\u001b[0m\n                        \u001b[36m</td>\u001b[39m\n                        \u001b[36m<td>\u001b[39m\n                          \u001b[36m<span\u001b[39m\n                            \u001b[33mclass\u001b[39m=\u001b[32m\"dash-table__strong\"\u001b[39m\n                          \u001b[36m>\u001b[39m\n                            \u001b[0madmin_demo\u001b[0m\n                          \u001b[36m</span>\u001b[39m\n                        \u001b[36m</td>\u001b[39m\n                        \u001b[36m<td\u001b[39m\n                          \u001b[33mclass\u001b[39m=\u001b[32m\"dash-table__muted\"\u001b[39m\n                        \u001b[36m>\u001b[39m\n                          \u001b[0mDEMO-ADMIN\u001b[0m\n                        \u001b[36m</td>\u001b[39m\n                        \u001b[36m<td>\u001b[39m\n                          \u001b[0mSi\u001b[0m\n                        \u001b[36m</td>\u001b[39m\n                        \u001b[36m<td\u001b[39m\n                          \u001b[33mclass\u001b[39m=\u001b[32m\"dash-table__mono dash-table__muted\"\u001b[39m\n                        \u001b[36m>\u001b[39m\n                          \u001b[36m<time\u001b[39m\n                            \u001b[33mdatetime\u001b[39m=\u001b[32m\"2026-03-24\"\u001b[39m\n                          \u001b[36m>\u001b[39m\n                            \u001b[0m2026-03-24\u001b[0m\n                          \u001b[36m</time>\u001b[39m\n                        \u001b[36m</td>\u001b[39m\n                        \u001b[36m<td\u001b[39m\n                          \u001b[33mclass\u001b[39m=\u001b[32m\"dash-table__actions\"\u001b[39m\n                        \u001b[36m>\u001b[39m\n                          \u001b[36m<button\u001b[39m\n                            \u001b[33mclass\u001b[39m=\u001b[32m\"dash-btn dash-btn--ghost dash-btn--sm\"\u001b[39m\n                            \u001b[33mtype\u001b[39m=\u001b[32m\"button\"\u001b[39m\n                          \u001b[36m>\u001b[39m\n                            \u001b[0mEditar\u001b[0m\n                          \u001b[36m</button>\u001b[39m\n                          \u001b[36m<button\u001b[39m\n                            \u001b[33mclass\u001b[39m=\u001b[32m\"dash-btn dash-btn--danger dash-btn--sm\"\u001b[39m\n                            \u001b[33mtype\u001b[39m=\u001b[32m\"button\"\u001b[39m\n                          \u001b[36m>\u001b[39m\n                            \u001b[0mDesactivar\u001b[0m\n                          \u001b[36m</button>\u001b[39m\n                        \u001b[36m</td>\u001b[39m\n                      \u001b[36m</tr>\u001b[39m\n                      \u001b[36m<tr>\u001b[39m\n                        \u001b[36m<td\u001b[39m\n                          \u001b[33mclass\u001b[39m=\u001b[32m\"dash-table__mono\"\u001b[39m\n                        \u001b[36m>\u001b[39m\n                          \u001b[0m2\u001b[0m\n                        \u001b[36m</td>\u001b[39m\n                        \u001b[36m<td>\u001b[39m\n                          \u001b[36m<span\u001b[39m\n                            \u001b[33mclass\u001b[39m=\u001b[32m\"dash-table__strong\"\u001b[39m\n                          \u001b[36m>\u001b[39m\n                            \u001b[0muser_demo\u001b[0m\n                          \u001b[36m</span>\u001b[39m\n                        \u001b[36m</td>\u001b[39m\n                        \u001b[36m<td\u001b[39m\n                          \u001b[33mclass\u001b[39m=\u001b[32m\"dash-table__muted\"\u001b[39m\n                        \u001b[36m>\u001b[39m\n                          \u001b[0mDEMO-USER\u001b[0m\n                        \u001b[36m</td>\u001b[39m\n                        \u001b[36m<td>\u001b[39m\n                          \u001b[0mSi\u001b[0m\n                        \u001b[36m</td>\u001b[39m\n                        \u001b[36m<td\u001b[39m\n                          \u001b[33mclass\u001b[39m=\u001b[32m\"dash-table__mono dash-table__muted\"\u001b[39m\n                        \u001b[36m>\u001b[39m\n                          \u001b[36m<time\u001b[39m\n                            \u001b[33mdatetime\u001b[39m=\u001b[32m\"2026-03-24\"\u001b[39m\n                          \u001b[36m>\u001b[39m\n                            \u001b[0m2026-03-24\u001b[0m\n                          \u001b[36m</time>\u001b[39m\n                        \u001b[36m</td>\u001b[39m\n                        \u001b[36m<td\u001b[39m\n                          \u001b[33mclass\u001b[39m=\u001b[32m\"dash-table__actions\"\u001b[39m\n                        \u001b[36m>\u001b[39m\n                          \u001b[36m<button\u001b[39m\n                            \u001b[33mclass\u001b[39m=\u001b[32m\"dash-btn dash-btn--ghost dash-btn--sm\"\u001b[39m\n                            \u001b[33mtype\u001b[39m=\u001b[32m\"button\"\u001b[39m\n                          \u001b[36m>\u001b[39m\n                            \u001b[0mEditar\u001b[0m\n                          \u001b[36m</button>\u001b[39m\n                          \u001b[36m<button\u001b[39m\n                            \u001b[33mclass\u001b[39m=\u001b[32m\"dash-btn dash-btn--danger dash-btn--sm\"\u001b[39m\n                            \u001b[33mtype\u001b[39m=\u001b[32m\"button\"\u001b[39m\n                          \u001b[36m>\u001b[39m\n                            \u001b[0mDesactivar\u001b[0m\n                          \u001b[36m</button>\u001b[39m\n                        \u001b[36m</td>\u001b[39m\n                      \u001b[36m</tr>\u001b[39m\n                      \u001b[36m<tr>\u001b[39m\n                        \u001b[36m<td\u001b[39m\n                          \u001b[33mclass\u001b[39m=\u001b[32m\"dash-table__mono\"\u001b[39m\n                        \u001b[36m>\u001b[39m\n                          \u001b[0m3\u001b[0m\n                        \u001b[36m</td>\u001b[39m\n                        \u001b[36m<td>\u001b[39m\n                          \u001b[36m<span\u001b[39m\n                            \u001b[33mclass\u001b[39m=\u001b[32m\"dash-table__strong\"\u001b[39m\n                          \u001b[36m>\u001b[39m\n                            \u001b[0mops_user\u001b[0m\n                          \u001b[36m</span>\u001b[39m\n                        \u001b[36m</td>\u001b[39m\n                        \u001b[36m<td\u001b[39m\n                          \u001b[33mclass\u001b[39m=\u001b[32m\"dash-table__muted\"\u001b[39m\n                        \u001b[36m>\u001b[39m\n                          \u001b[0m—\u001b[0m\n                        \u001b[36m</td>\u001b[39m\n                        \u001b[36m<td>\u001b[39m\n                          \u001b[0mSi\u001b[0m\n                        \u001b[36m</td>\u001b[39m\n                        \u001b[36m<td\u001b[39m\n                          \u001b[33mclass\u001b[39m=\u001b[32m\"dash-table__mono dash-table__muted\"\u001b[39m\n                        \u001b[36m>\u001b[39m\n                          \u001b[36m<time\u001b[39m\n                            \u001b[33mdatetime\u001b[39m=\u001b[32m\"2026-03-24\"\u001b[39m\n                          \u001b[36m>\u001b[39m\n                            \u001b[0m2026-03-24\u001b[0m\n                          \u001b[36m</time>\u001b[39m\n                        \u001b[36m</td>\u001b[39m\n                        \u001b[36m<td\u001b[39m\n                          \u001b[33mclass\u001b[39m=\u001b[32m\"dash-table__actions\"\u001b[39m\n                        \u001b[36m>\u001b[39m\n                          \u001b[36m<button\u001b[39m\n                            \u001b[33mclass\u001b[39m=\u001b[32m\"dash-btn dash-btn--ghost dash-btn--sm\"\u001b[39m\n                            \u001b[33mtype\u001b[39m=\u001b[32m\"button\"\u001b[39m\n                          \u001b[36m>\u001b[39m\n                            \u001b[0mEditar\u001b[0m\n                          \u001b[36m</button>\u001b[39m\n                          \u001b[36m<button\u001b[39m\n                            \u001b[33mclass\u001b[39m=\u001b[32m\"dash-btn dash-btn--danger dash-btn--sm\"\u001b[39m\n                            \u001b[33mtype\u001b[39m=\u001b[32m\"button\"\u001b[39m\n                          \u001b[36m>\u001b[39m\n                            \u001b[0mDesactivar\u001b[0m\n                          \u001b[36m</button>\u001b[39m\n                        \u001b[36m</td>\u001b[39m\n                      \u001b[36m</tr>\u001b[39m\n                    \u001b[36m</tbody>\u001b[39m\n                  \u001b[36m</table>\u001b[39m\n                \u001b[36m</div>\u001b[39m\n              \u001b[36m</div>\u001b[39m\n            \u001b[36m</section>\u001b[39m\n          \u001b[36m</div>\u001b[39m\n        \u001b[36m</main>\u001b[39m\n      \u001b[36m</div>\u001b[39m\n    \u001b[36m</div>\u001b[39m\n    \u001b[36m<div\u001b[39m\n      \u001b[33maria-live\u001b[39m=\u001b[32m\"polite\"\u001b[39m\n      \u001b[33mclass\u001b[39m=\u001b[32m\"dash-toast-host\"\u001b[39m\n    \u001b[36m>\u001b[39m\n      \u001b[36m<div\u001b[39m\n        \u001b[33mclass\u001b[39m=\u001b[32m\"dash-toast dash-toast--success\"\u001b[39m\n        \u001b[33mrole\u001b[39m=\u001b[32m\"status\"\u001b[39m\n      \u001b[36m>\u001b[39m\n        \u001b[36m<span\u001b[39m\n          \u001b[33mclass\u001b[39m=\u001b[32m\"dash-toast__msg\"\u001b[39m\n        \u001b[36m>\u001b[39m\n          \u001b[0mUsuario creado correctamente.\u001b[0m\n        \u001b[36m</span>\u001b[39m\n        \u001b[36m<button\u001b[39m\n          \u001b[33maria-label\u001b[39m=\u001b[32m\"Cerrar\"\u001b[39m\n          \u001b[33mclass\u001b[39m=\u001b[32m\"dash-toast__close\"\u001b[39m\n          \u001b[33mtype\u001b[39m=\u001b[32m\"button\"\u001b[39m\n        \u001b[36m>\u001b[39m\n          \u001b[0m×\u001b[0m\n        \u001b[36m</button>\u001b[39m\n      \u001b[36m</div>\u001b[39m\n    \u001b[36m</div>\u001b[39m\n  \u001b[36m</div>\u001b[39m\n\u001b[36m</body>\u001b[39m\n    at Object.getElementError (C:\\Users\\Desarrollo\\Documents\\iniciol\\starter-web\\node_modules\\@testing-library\\dom\\dist\\config.js:37:19)\n    at getElementError (C:\\Users\\Desarrollo\\Documents\\iniciol\\starter-web\\node_modules\\@testing-library\\dom\\dist\\query-helpers.js:20:35)\n    at getMultipleElementsFoundError (C:\\Users\\Desarrollo\\Documents\\iniciol\\starter-web\\node_modules\\@testing-library\\dom\\dist\\query-helpers.js:23:10)\n    at C:\\Users\\Desarrollo\\Documents\\iniciol\\starter-web\\node_modules\\@testing-library\\dom\\dist\\query-helpers.js:55:13\n    at C:\\Users\\Desarrollo\\Documents\\iniciol\\starter-web\\node_modules\\@testing-library\\dom\\dist\\query-helpers.js:95:19\n    at C:/Users/Desarrollo/Documents/iniciol/starter-web/src/App.integration.test.jsx:199:19\n    at file:///C:/Users/Desarrollo/Documents/iniciol/starter-web/node_modules/@vitest/runner/dist/chunk-artifact.js:1893:20"],"meta":{},"tags":[]},{"ancestorTitles":["Integracion de vistas clave"],"fullName":"Integracion de vistas clave sesion invalida redirige a login con notice","status":"passed","title":"sesion invalida redirige a login con notice","duration":30.853599999999915,"failureMessages":[],"meta":{},"tags":[]}],"startTime":1774339072063,"endTime":1774339072610.8535,"status":"failed","message":"","name":"C:/Users/Desarrollo/Documents/iniciol/starter-web/src/App.integration.test.jsx"}]}